2025-09-16 08:53:08,315 - WARNING - PyNaCl is not installed, voice will NOT be supported
2025-09-16 08:53:08,316 - INFO - logging in using static token
2025-09-16 08:53:28,072 - INFO - Shard ID None has connected to Gateway (Session ID: 0810f7cd34042e026c2b75799df6b252).
2025-09-16 08:53:31,747 - INFO - Logged in as Apex064#4407
2025-09-16 08:54:34,845 - INFO - Received message: Hello
2025-09-16 08:56:38,784 - INFO - Received message: tem Restocked
Pokemon Prismatic Evolutions 8 Mini-Tins with Promo Cards, 2-pack
Quick Tasks
[LightningMobile]
Links
eBay - Amazon - Walmart - Keepa - SellerAmp - Google
Image

Pokemon Restocks and Alerts • Costco • 04:48:12.588 PM EST • #ad
[@Costco Membership] Pokemon Prismatic Evolutions 8 Mini-Tins with Promo Cards, 2-pack (Ping ID: 5)
2025-09-16 08:59:52,039 - INFO - Received message: tem Restocked
Pokemon Prismatic Evolutions 8 Mini-Tins with Promo Cards, 2-pack
Quick Tasks
[LightningMobile]
Links
eBay - Amazon - Walmart - Keepa - SellerAmp - Google
Image

Pokemon Restocks and Alerts • Costco • 04:48:12.588 PM EST • #ad
[@Costco Membership] Pokemon Prismatic Evolutions 8 Mini-Tins with Promo Cards, 2-pack (Ping ID: 5)
2025-09-16 09:03:11,459 - INFO - Received message: Item Restocked
Pokemon Prismatic Evolutions 8 Mini-Tins with Promo Cards, 2-pack
Quick Tasks
Links
Walmart - https://www.walmart.com/ip/12345678
Target - https://www.target.com/p/-/A1B2C3D4
BestBuy - https://www.bestbuy.com/site/987654321.p
SKU 12345678

Pokemon Restocks and Alerts • Costco • 04:48:12.588 PM EST • #ad
2025-09-16 09:03:11,461 - INFO - Ignored non-target URL: https://www.target.com/p/-/A1B2C3D4
2025-09-16 09:03:11,461 - INFO - Ignored non-target URL: https://www.walmart.com/ip/12345678
2025-09-16 09:03:11,462 - INFO - Ignored non-target URL: https://www.bestbuy.com/site/987654321.p
2025-09-16 09:05:54,222 - INFO - Received message: Item Restocked
Pokemon Prismatic Evolutions 8 Mini-Tins with Promo Cards, 2-pack
Quick Tasks
[LightningMobile]

Links
Walmart - https://www.walmart.com/ip/12345678
Target - https://www.target.com/p/-/A1B2C3D4
BestBuy - https://www.bestbuy.com/site/987654321.p

SKU 12345678

Pokemon Restocks and Alerts • Costco • 04:48:12.588 PM EST • #ad
[@Costco Membership] Pokemon Prismatic Evolutions 8 Mini-Tins with Promo Cards, 2-pack (Ping ID: 5)
2025-09-16 09:05:54,225 - INFO - Ignored non-target URL: https://www.target.com/p/-/A1B2C3D4
2025-09-16 09:05:54,226 - INFO - Ignored non-target URL: https://www.walmart.com/ip/12345678
2025-09-16 09:05:54,226 - INFO - Ignored non-target URL: https://www.bestbuy.com/site/987654321.p
