2025-09-26 09:52:38,300 - WARNING - PyNaCl is not installed, voice will NOT be supported
2025-09-26 09:52:38,308 - INFO - logging in using static token
2025-09-26 09:52:59,701 - INFO - Shard ID None has connected to Gateway (Session ID: d45e3038b52f760bfa03c652526bd346).
2025-09-26 09:53:02,229 - INFO - Logged in as Apex064#4407
2025-09-26 09:53:25,245 - INFO - Received message: Item Restocked
Fall Plaid Lightweight Throw Blanket Brown - Hearth & Hand™ with Magnolia
Quick Tasks
[LightningMobile]
Links
Target - https://www.target.com/p/fall-plaid-lightweight-throw-blanket-brown-hearth-38-hand-8482-with-magnolia/-/A-93551052
Image
https://target.scene7.com/is/image/Target/GUEST_0f34f1d3-f0e6-4370-9b4a-6e6ef9f74e60
2025-09-26 09:53:25,250 - INFO - Detected target product URL via keyword scraping (target): https://www.target.com/p/fall-plaid-lightweight-throw-blanket-brown-hearth-38-hand-8482-with-magnolia/-/A-93551052
2025-09-26 09:53:25,253 - INFO - Dispatching to target bot for URL: https://www.target.com/p/fall-plaid-lightweight-throw-blanket-brown-hearth-38-hand-8482-with-magnolia/-/A-93551052
2025-09-26 09:53:25,255 - INFO - Starting browser for Target...
2025-09-26 09:54:37,328 - INFO - Opened Target homepage
2025-09-26 09:54:48,110 - INFO - Clicked Account button
2025-09-26 09:55:19,308 - INFO - Clicked Sign in link
2025-09-26 09:55:27,014 - INFO - Entered email: middlefingle000@gmail.com
2025-09-26 09:55:27,419 - INFO - Clicked Continue after email
2025-09-26 09:55:35,253 - INFO - Clicked 'Enter your password'
2025-09-26 09:55:35,511 - INFO - Entered password
2025-09-26 09:55:35,810 - INFO - Clicked 'Sign in with password'
2025-09-26 09:56:13,181 - INFO - No phone number page — continuing to home page
2025-09-26 09:56:13,219 - INFO - Login confirmed — detected header: Hi, michael
2025-09-26 09:56:13,219 - INFO - Attempt #1 — Checking product stock...
2025-09-26 09:56:42,986 - ERROR - Target bot failed: ('Connection aborted.', RemoteDisconnected('Remote end closed connection without response'))
2025-09-26 09:56:42,986 - INFO - Script finished — closing browser
2025-09-26 09:56:43,238 - INFO - ensuring close
